0 info it worked if it ends with ok
1 verbose cli [ 'C:\\Program Files (x86)\\Nodist\\v-x64\\7.2.1\\node.exe',
1 verbose cli   'C:\\Program Files (x86)\\Nodist\\npmv\\4.0.5\\bin\\npm-cli.js',
1 verbose cli   'run',
1 verbose cli   'build' ]
2 info using npm@4.0.5
3 info using node@v7.2.1
4 verbose run-script [ 'prebuild', 'build', 'postbuild' ]
5 info lifecycle react-typescript-redux@1.0.0~prebuild: react-typescript-redux@1.0.0
6 warn lifecycle The node binary used for scripts is C:\Program Files (x86)\Nodist\bin\node.exe but npm is using C:\Program Files (x86)\Nodist\v-x64\7.2.1\node.exe itself. Use the `--scripts-prepend-node-path` option to include the path for the node binary npm was executed with.
7 silly lifecycle react-typescript-redux@1.0.0~prebuild: no script for prebuild, continuing
8 info lifecycle react-typescript-redux@1.0.0~build: react-typescript-redux@1.0.0
9 verbose lifecycle react-typescript-redux@1.0.0~build: unsafe-perm in lifecycle true
10 verbose lifecycle react-typescript-redux@1.0.0~build: PATH: C:\Program Files (x86)\Nodist\npmv\4.0.5\bin\node-gyp-bin;C:\Users\shimomiya_k\Work\ReactJS\react-typescript-redux\node_modules\.bin;C:\Python27\;C:\Python27\Scripts;C:\windows\system32;C:\windows;C:\windows\System32\Wbem;C:\windows\System32\WindowsPowerShell\v1.0\;C:\Program Files (x86)\Intel\OpenCL SDK\2.0\bin\x86;C:\Program Files (x86)\Intel\OpenCL SDK\2.0\bin\x64;C:\Program Files (x86)\Skype\Phone\;C:\Program Files (x86)\Nodist\bin;C:\Program Files\TortoiseGit\bin;C:\Program Files\Git\cmd;C:\Program Files\Microsoft SQL Server\120\Tools\Binn\;C:\Program Files\Microsoft SQL Server\130\Tools\Binn\;C:\Program Files\Microsoft SQL Server\110\DTS\Binn\;C:\Program Files (x86)\Microsoft SQL Server\110\Tools\Binn\;C:\Program Files\Microsoft SQL Server\110\Tools\Binn\;C:\Program Files (x86)\Microsoft SQL Server\110\Tools\Binn\ManagementStudio\;C:\Program Files (x86)\Microsoft Visual Studio 10.0\Common7\IDE\PrivateAssemblies\;C:\Program Files (x86)\Microsoft SQL Server\110\DTS\Binn\;C:\Program Files\nodejs\;C:\ProgramData\chocolatey\bin;C:\Program Files\Java\jdk1.8.0_131\bin;C:\Program Files\Microsoft\Web Platform Installer\;C:\Program Files\dotnet\;C:\Program Files\Amazon\AWSCLI\;;C:\Program Files (x86)\Microsoft VS Code\bin;C:\Users\shimomiya_k\AppData\Roaming\npm;C:\Users\shimomiya_k\AppData\Local\Android\sdk;C:\Users\shimomiya_k\AppData\Local\Android\sdk\platform-tools;C:\Users\shimomiya_k\AppData\Roaming\Python\Scripts
11 verbose lifecycle react-typescript-redux@1.0.0~build: CWD: C:\Users\shimomiya_k\Work\ReactJS\react-typescript-redux
12 silly lifecycle react-typescript-redux@1.0.0~build: Args: [ '/d /s /c',
12 silly lifecycle   'webpack --colors --config ./webpack.config.dev.js' ]
13 silly lifecycle react-typescript-redux@1.0.0~build: Returned: code: 2  signal: null
14 info lifecycle react-typescript-redux@1.0.0~build: Failed to exec build script
15 verbose stack Error: react-typescript-redux@1.0.0 build: `webpack --colors --config ./webpack.config.dev.js`
15 verbose stack Exit status 2
15 verbose stack     at EventEmitter.<anonymous> (C:\Program Files (x86)\Nodist\npmv\4.0.5\lib\utils\lifecycle.js:279:16)
15 verbose stack     at emitTwo (events.js:106:13)
15 verbose stack     at EventEmitter.emit (events.js:191:7)
15 verbose stack     at ChildProcess.<anonymous> (C:\Program Files (x86)\Nodist\npmv\4.0.5\lib\utils\spawn.js:40:14)
15 verbose stack     at emitTwo (events.js:106:13)
15 verbose stack     at ChildProcess.emit (events.js:191:7)
15 verbose stack     at maybeClose (internal/child_process.js:885:16)
15 verbose stack     at Process.ChildProcess._handle.onexit (internal/child_process.js:226:5)
16 verbose pkgid react-typescript-redux@1.0.0
17 verbose cwd C:\Users\shimomiya_k\Work\ReactJS\react-typescript-redux
18 error Windows_NT 6.1.7601
19 error argv "C:\\Program Files (x86)\\Nodist\\v-x64\\7.2.1\\node.exe" "C:\\Program Files (x86)\\Nodist\\npmv\\4.0.5\\bin\\npm-cli.js" "run" "build"
20 error node v7.2.1
21 error npm  v4.0.5
22 error code ELIFECYCLE
23 error react-typescript-redux@1.0.0 build: `webpack --colors --config ./webpack.config.dev.js`
23 error Exit status 2
24 error Failed at the react-typescript-redux@1.0.0 build script 'webpack --colors --config ./webpack.config.dev.js'.
24 error Make sure you have the latest version of node.js and npm installed.
24 error If you do, this is most likely a problem with the react-typescript-redux package,
24 error not with npm itself.
24 error Tell the author that this fails on your system:
24 error     webpack --colors --config ./webpack.config.dev.js
24 error You can get information on how to open an issue for this project with:
24 error     npm bugs react-typescript-redux
24 error Or if that isn't available, you can get their info via:
24 error     npm owner ls react-typescript-redux
24 error There is likely additional logging output above.
25 verbose exit [ 1, true ]
